[ERROR] 20:57:30:158 ESI/(13530:13530): Error al conectar el socket
[ERROR] 21:57:08:754 ESI/(16218:16218): Error al conectar el socket
[ERROR] 21:58:20:931 ESI/(16282:16282): Error al conectar el socket
[INFO] 23:02:38:778 ESI/(18673:18673): Escuchando en puerto: 8001
[ERROR] 23:02:47:13 ESI/(18673:18673): Error al conectar el socket
[INFO] 16:01:51:400 ESI/(6353:6353): Escuchando en puerto: 8001
[TRACE] 16:02:32:543 ESI/(6353:6353): Intentando conectarse al Coordinador. IP: 127.0.0.1  Puerto: 8080
[INFO] 16:02:32:544 ESI/(6353:6353): Socket conectado
[INFO] 16:02:32:544 ESI/(6353:6353): confirmación enviada
[INFO] 16:02:32:544 ESI/(6353:6353): confirmación recibida
[INFO] 09:56:47:216 ESI/(6156:6156): Escuchando en puerto: 8001
[TRACE] 09:56:47:226 ESI/(6156:6156): Intentando conectarse al Coordinador. IP: 127.0.0.1  Puerto: 8080
[INFO] 09:56:47:226 ESI/(6156:6156): Socket conectado
[INFO] 09:56:47:226 ESI/(6156:6156): confirmación enviada
[INFO] 09:56:47:232 ESI/(6156:6156): confirmación recibida
[ERROR] 09:57:25:139 ESI/(6184:6184): Address already in use
[ERROR] 09:57:25:140 ESI/(6184:6184): Address already in use
[ERROR] 09:57:25:140 ESI/(6184:6184): no se pudo escuchar
[ERROR] 09:57:52:234 Planificador/(6222:6222): Address already in use
[ERROR] 09:57:52:236 Planificador/(6222:6222): Address already in use
[ERROR] 09:57:52:236 Planificador/(6222:6222): no se pudo escuchar
[TRACE] 09:58:44:773 Planificador/(6294:6294): Intentando conectarse al Coordinador. IP: 127.0.0.1  Puerto: 8080
[INFO] 09:58:44:774 Planificador/(6294:6294): Socket conectado
[INFO] 09:58:44:774 Planificador/(6294:6294): confirmación enviada
[INFO] 09:58:44:774 Planificador/(6294:6294): confirmación recibida
[TRACE] 10:03:16:222 Planificador/(6466:6466): Intentando conectarse al Coordinador. IP: 127.0.0.1  Puerto: 8080
[INFO] 10:03:16:223 Planificador/(6466:6466): Conectandose al Coordinador, IP: 127.0.0.1	Puerto: 8080
[INFO] 10:03:16:224 Planificador/(6466:6466): Socket conectado
[INFO] 10:03:16:224 Planificador/(6466:6466): Mensaje enviado
[INFO] 10:03:16:227 Planificador/(6466:6466): Mensaje de 4 bytes recibido
[INFO] 10:03:16:227 Planificador/(6466:6466): Se ha conectado al coordinador correctamente!!
[ERROR] 10:03:16:228 Planificador/(6466:6466): Address already in use
[ERROR] 10:03:16:228 Planificador/(6466:6466): Address already in use
[ERROR] 10:03:16:228 Planificador/(6466:6466): no se pudo escuchar
[TRACE] 10:03:50:479 Planificador/(6484:6484): Intentando conectarse al Coordinador. IP: 127.0.0.1  Puerto: 8080
[INFO] 10:03:50:490 Planificador/(6484:6484): Conectandose al Coordinador, IP: 127.0.0.1	Puerto: 8080
[INFO] 10:03:50:495 Planificador/(6484:6484): Socket conectado
[INFO] 10:03:50:495 Planificador/(6484:6484): Mensaje enviado
[INFO] 10:03:50:501 Planificador/(6484:6484): Mensaje de 4 bytes recibido
[INFO] 10:03:50:501 Planificador/(6484:6484): Se ha conectado al coordinador correctamente!!
[ERROR] 10:03:50:502 Planificador/(6484:6484): Address already in use
[ERROR] 10:03:50:502 Planificador/(6484:6484): Address already in use
[ERROR] 10:03:50:502 Planificador/(6484:6484): no se pudo escuchar
[TRACE] 10:04:26:736 Planificador/(6512:6512): Intentando conectarse al Coordinador. IP: 127.0.0.1  Puerto: 8080
[INFO] 10:04:26:736 Planificador/(6512:6512): Conectandose al Coordinador, IP: 127.0.0.1	Puerto: 8080
[INFO] 10:04:26:736 Planificador/(6512:6512): Socket conectado
[INFO] 10:04:26:736 Planificador/(6512:6512): Mensaje enviado
[INFO] 10:04:26:740 Planificador/(6512:6512): Mensaje de 4 bytes recibido
[INFO] 10:04:26:740 Planificador/(6512:6512): Se ha conectado al coordinador correctamente!!
[INFO] 10:04:26:740 Planificador/(6512:6512): Escuchando en puerto: 8001
[DEBUG] 15:18:17:897 Planificador/(7528:7528): Configurando coordinador
[DEBUG] 15:18:17:921 Planificador/(7528:7528): Planificador correctamente configurado
[INFO] 15:18:17:927 Planificador/(7528:7531): Escuchando en puerto: 8001
[TRACE] 15:20:47:329 Planificador/(7528:7531): Nueva conexion por el socket 5

[INFO] 15:20:47:329 Planificador/(7528:7531): Cantidad de elementos en la lista: 1
[DEBUG] 15:21:50:618 Planificador/(7750:7750): Configurando coordinador
[DEBUG] 15:21:50:618 Planificador/(7750:7750): Planificador correctamente configurado
[INFO] 15:21:50:619 Planificador/(7750:7751): Escuchando en puerto: 8001
[TRACE] 15:21:54:237 Planificador/(7750:7751): Nueva conexion por el socket 5

[INFO] 15:21:54:237 Planificador/(7750:7751): Cantidad de elementos en la lista: 1
[DEBUG] 15:32:35:291 Planificador/(8353:8353): Configurando coordinador
[DEBUG] 15:32:35:291 Planificador/(8353:8353): Planificador correctamente configurado
[INFO] 15:32:35:293 Planificador/(8353:8354): Escuchando en puerto: 8001
[DEBUG] 15:34:21:224 Planificador/(8404:8404): Configurando coordinador
[DEBUG] 15:34:21:224 Planificador/(8404:8404): Planificador correctamente configurado
[INFO] 15:34:21:229 Planificador/(8404:8406): Escuchando en puerto: 8001
[DEBUG] 15:45:48:114 Planificador/(8993:8993): Configurando coordinador
[DEBUG] 15:45:48:114 Planificador/(8993:8993): Planificador correctamente configurado
[INFO] 15:45:48:119 Planificador/(8993:8995): Escuchando en puerto: 8001
[TRACE] 15:45:50:765 Planificador/(8993:8995): Nueva conexion por el socket 5

[INFO] 15:45:50:765 Planificador/(8993:8995): Mensaje enviado
[INFO] 15:45:50:765 Planificador/(8993:8995): Cantidad de elementos en la lista: 1
[ERROR] 15:46:04:446 Planificador/(8993:8995): La conexion del socket 5 finalizo inesperadamente

[TRACE] 15:46:05:735 Planificador/(8993:8995): Nueva conexion por el socket 5

[INFO] 15:46:05:735 Planificador/(8993:8995): Mensaje enviado
[INFO] 15:46:05:735 Planificador/(8993:8995): Cantidad de elementos en la lista: 1
[ERROR] 15:46:12:171 Planificador/(8993:8995): La conexion del socket 5 finalizo inesperadamente

[TRACE] 15:46:13:20 Planificador/(8993:8995): Nueva conexion por el socket 5

[INFO] 15:46:13:20 Planificador/(8993:8995): Mensaje enviado
[INFO] 15:46:13:20 Planificador/(8993:8995): Cantidad de elementos en la lista: 1
[ERROR] 15:46:30:921 Planificador/(8993:8995): La conexion del socket 5 finalizo inesperadamente

[TRACE] 15:46:31:401 Planificador/(8993:8995): Nueva conexion por el socket 5

[INFO] 15:46:31:401 Planificador/(8993:8995): Mensaje enviado
[INFO] 15:46:31:401 Planificador/(8993:8995): Cantidad de elementos en la lista: 1
[ERROR] 15:46:33:42 Planificador/(8993:8995): La conexion del socket 5 finalizo inesperadamente

[TRACE] 15:46:33:651 Planificador/(8993:8995): Nueva conexion por el socket 5

[INFO] 15:46:33:651 Planificador/(8993:8995): Mensaje enviado
[INFO] 15:46:33:651 Planificador/(8993:8995): Cantidad de elementos en la lista: 1
[ERROR] 15:46:34:547 Planificador/(8993:8995): La conexion del socket 5 finalizo inesperadamente

[TRACE] 15:46:35:220 Planificador/(8993:8995): Nueva conexion por el socket 5

[INFO] 15:46:35:220 Planificador/(8993:8995): Mensaje enviado
[INFO] 15:46:35:220 Planificador/(8993:8995): Cantidad de elementos en la lista: 1
[ERROR] 15:46:35:940 Planificador/(8993:8995): La conexion del socket 5 finalizo inesperadamente

[TRACE] 15:46:36:773 Planificador/(8993:8995): Nueva conexion por el socket 5

[INFO] 15:46:36:773 Planificador/(8993:8995): Mensaje enviado
[INFO] 15:46:36:773 Planificador/(8993:8995): Cantidad de elementos en la lista: 1
[ERROR] 15:46:38:518 Planificador/(8993:8995): La conexion del socket 5 finalizo inesperadamente

[TRACE] 15:46:40:127 Planificador/(8993:8995): Nueva conexion por el socket 5

[INFO] 15:46:40:128 Planificador/(8993:8995): Mensaje enviado
[INFO] 15:46:40:128 Planificador/(8993:8995): Cantidad de elementos en la lista: 1
[DEBUG] 15:50:20:830 Planificador/(9127:9127): Configurando coordinador
[DEBUG] 15:50:20:830 Planificador/(9127:9127): Planificador correctamente configurado
[INFO] 15:50:20:835 Planificador/(9127:9129): Escuchando en puerto: 8001
[TRACE] 15:50:23:238 Planificador/(9127:9129): Nueva conexion por el socket 5

[INFO] 15:50:23:238 Planificador/(9127:9129): Mensaje enviado
[INFO] 15:50:23:238 Planificador/(9127:9129): Cantidad de elementos en la lista: 1
