[INFO] 17:14:33:496 Coordinador/(4911:4911): Configurando coordinador
[ERROR] 17:14:33:497 Coordinador/(4911:4911): No se pudo crear la configuración
[INFO] 17:15:17:242 Coordinador/(4947:4947): Configurando coordinador
[INFO] 17:16:16:845 Coordinador/(4985:4985): Configurando coordinador
[INFO] 17:21:49:932 Coordinador/(5152:5152): Configurando coordinador
[ERROR] 17:21:49:936 Coordinador/(5152:5152): El archivo de configuracion esta incorrecto
[INFO] 17:31:10:79 Coordinador/(5510:5510): Configurando coordinador
[INFO] 17:31:59:257 Coordinador/(5560:5560): Configurando coordinador
[INFO] 17:37:21:732 Coordinador/(5653:5653): Configurando coordinador
[INFO] 17:38:23:536 Coordinador/(5710:5710): Configurando coordinador
[INFO] 17:51:27:317 Coordinador/(6175:6175): Configurando coordinador
[INFO] 17:53:09:849 Coordinador/(6811:6811): Configurando coordinador
[INFO] 17:53:30:848 Coordinador/(6830:6830): Configurando coordinador
[INFO] 17:53:44:674 Coordinador/(6864:6864): Configurando coordinador
[INFO] 17:56:04:167 Coordinador/(6925:6925): Configurando coordinador
[INFO] 17:56:15:698 Coordinador/(6959:6959): Configurando coordinador
[INFO] 18:00:25:547 Coordinador/(7125:7125): Configurando coordinador
[INFO] 18:00:52:332 Coordinador/(7170:7170): Configurando coordinador
[INFO] 18:01:25:616 Coordinador/(7227:7227): Configurando coordinador
[INFO] 18:02:20:947 Coordinador/(7284:7284): Configurando coordinador
[INFO] 18:03:39:407 Coordinador/(7345:7345): Configurando coordinador
[INFO] 18:07:45:644 Coordinador/(7491:7491): Configurando coordinador
[INFO] 18:22:18:245 Coordinador/(7815:7815): Configurando coordinador
[INFO] 18:23:23:992 Coordinador/(7888:7888): Configurando coordinador
[INFO] 18:25:25:990 Coordinador/(8016:8016): Configurando coordinador
[INFO] 15:45:33:339 Coordinador/(8664:8664): Configurando coordinador
[INFO] 15:55:11:177 Coordinador/(9028:9028): Configurando coordinador
[INFO] 15:55:37:530 Coordinador/(9047:9047): Configurando coordinador
[INFO] 15:56:42:654 Coordinador/(9095:9095): Configurando coordinador
[INFO] 15:57:28:702 Coordinador/(9108:9108): Configurando coordinador
[INFO] 15:57:41:235 Coordinador/(9115:9115): Configurando coordinador
[ERROR] 15:57:41:270 Coordinador/(9115:9115): No se pudo crear la configuración (no se encuentra el archivo)
[INFO] 15:57:55:458 Coordinador/(9125:9125): Configurando coordinador
[ERROR] 15:57:55:515 Coordinador/(9125:9125): El archivo de configuracion esta incorrecto
[INFO] 16:00:11:941 Coordinador/(9202:9202): Configurando coordinador
[INFO] 20:22:45:764 Coordinador/(12058:12058): Configurando coordinador
[ERROR] 20:22:45:773 Coordinador/(12058:12058): error en el bind
[INFO] 20:23:13:272 Coordinador/(12198:12198): Configurando coordinador
[INFO] 20:23:43:155 Coordinador/(12232:12232): Configurando coordinador
[INFO] 20:43:16:646 Coordinador/(13060:13060): Configurando coordinador
[INFO] 20:44:44:35 Coordinador/(13102:13102): Configurando coordinador
[INFO] 20:52:41:261 Coordinador/(13428:13428): Configurando coordinador
