[ERROR] 16:09:37:694 instancia/(6614:6614): Error al conectar el socket
[ERROR] 16:09:59:89 Instancia/(6658:6658): Error al conectar el socket
[ERROR] 16:10:44:395 Instancia/(6723:6723): Error al conectar el socket
[INFO] 16:11:20:651 Instancia/(6776:6776): Socket conectado
[INFO] 16:11:20:651 Instancia/(6776:6776): Mensaje enviado
[INFO] 16:11:20:651 Instancia/(6776:6776): confirmación recibida
[INFO] 16:16:34:505 Instancia/(7035:7035): Socket conectado
[INFO] 16:16:34:506 Instancia/(7035:7035): Mensaje enviado
[INFO] 16:16:34:506 Instancia/(7035:7035): confirmación recibida
[INFO] 21:51:52:945 Instancia/(4111:4111): Conectandose al Coordinador, IP: 127.0.0.1	Puerto: 8080
[INFO] 21:51:52:947 Instancia/(4111:4111): Socket conectado
[INFO] 21:51:52:947 Instancia/(4111:4111): Mensaje enviado
[INFO] 21:51:52:952 Instancia/(4111:4111): Mensaje de 4 bytes recibido
[INFO] 21:51:52:952 Instancia/(4111:4111): Se ha conectado al coordinador correctamente!!
[INFO] 21:52:05:706 Instancia/(4124:4124): Conectandose al Coordinador, IP: 127.0.0.1	Puerto: 8080
[INFO] 21:52:05:708 Instancia/(4124:4124): Socket conectado
[INFO] 21:52:05:708 Instancia/(4124:4124): Mensaje enviado
[INFO] 21:52:05:709 Instancia/(4124:4124): Mensaje de 4 bytes recibido
[INFO] 21:52:05:709 Instancia/(4124:4124): Se ha conectado al coordinador correctamente!!
[INFO] 21:52:07:640 Instancia/(4140:4140): Conectandose al Coordinador, IP: 127.0.0.1	Puerto: 8080
[INFO] 21:52:07:642 Instancia/(4140:4140): Socket conectado
[INFO] 21:52:07:642 Instancia/(4140:4140): Mensaje enviado
[INFO] 21:52:07:646 Instancia/(4140:4140): Mensaje de 4 bytes recibido
[INFO] 21:52:07:646 Instancia/(4140:4140): Se ha conectado al coordinador correctamente!!
[INFO] 21:03:49:155 Instancia/(5695:5695): Conectandose al Coordinador, IP: 127.0.0.1	Puerto: 8080
[ERROR] 21:03:49:162 Instancia/(5695:5695): Error al conectar el socket
[INFO] 21:06:18:40 Instancia/(5800:5800): Conectandose al Coordinador, IP: 127.0.0.1	Puerto: 8080
[ERROR] 21:06:18:44 Instancia/(5800:5800): Error al conectar el socket
[INFO] 21:13:57:915 Instancia/(6164:6164): Conectandose al Coordinador, IP: 127.0.0.1	Puerto: 8080
[INFO] 21:13:57:916 Instancia/(6164:6164): Socket conectado
[INFO] 21:13:57:916 Instancia/(6164:6164): Mensaje enviado
[INFO] 21:13:57:924 Instancia/(6164:6164): Mensaje de 4 bytes recibido
[INFO] 21:13:57:924 Instancia/(6164:6164): Se ha conectado al coordinador correctamente!!
[INFO] 21:14:31:436 Instancia/(6206:6206): Conectandose al Coordinador, IP: 127.0.0.1	Puerto: 8080
[INFO] 21:14:31:437 Instancia/(6206:6206): Socket conectado
[INFO] 21:14:31:437 Instancia/(6206:6206): Mensaje enviado
[INFO] 21:14:31:450 Instancia/(6206:6206): Mensaje de 4 bytes recibido
[INFO] 21:14:31:450 Instancia/(6206:6206): Se ha conectado al coordinador correctamente!!
[INFO] 21:16:13:908 Instancia/(6272:6272): Conectandose al Coordinador, IP: 127.0.0.1	Puerto: 8080
[INFO] 21:16:13:915 Instancia/(6272:6272): Socket conectado
[INFO] 21:16:13:915 Instancia/(6272:6272): Mensaje enviado
[INFO] 21:16:13:922 Instancia/(6272:6272): Mensaje de 4 bytes recibido
[INFO] 21:16:13:922 Instancia/(6272:6272): Se ha conectado al coordinador correctamente!!
[INFO] 21:16:19:332 Instancia/(6285:6285): Conectandose al Coordinador, IP: 127.0.0.1	Puerto: 8080
[INFO] 21:16:19:334 Instancia/(6285:6285): Socket conectado
[INFO] 21:16:19:334 Instancia/(6285:6285): Mensaje enviado
[INFO] 21:16:19:345 Instancia/(6285:6285): Mensaje de 4 bytes recibido
[INFO] 21:16:19:345 Instancia/(6285:6285): Se ha conectado al coordinador correctamente!!
[INFO] 21:16:25:913 Instancia/(6299:6299): Conectandose al Coordinador, IP: 127.0.0.1	Puerto: 8080
[INFO] 21:16:25:920 Instancia/(6299:6299): Socket conectado
[INFO] 21:16:25:921 Instancia/(6299:6299): Mensaje enviado
[INFO] 21:16:25:921 Instancia/(6299:6299): Mensaje de 4 bytes recibido
[INFO] 21:16:25:926 Instancia/(6299:6299): Se ha conectado al coordinador correctamente!!
[INFO] 15:09:04:981 Instancia/(9384:9384): Conectandose al Coordinador, IP: 127.0.0.1	Puerto: 8080
[INFO] 15:09:04:1 Instancia/(9384:9384): Socket conectado
[INFO] 15:09:04:1 Instancia/(9384:9384): Mensaje enviado
[INFO] 15:09:20:16 Instancia/(9384:9384): Mensaje de 4 bytes recibido
[INFO] 15:09:20:16 Instancia/(9384:9384): Se ha conectado al coordinador correctamente!!
[INFO] 15:09:39:994 Instancia/(9404:9404): Conectandose al Coordinador, IP: 127.0.0.1	Puerto: 8080
[INFO] 15:09:39:994 Instancia/(9404:9404): Socket conectado
[INFO] 15:09:39:994 Instancia/(9404:9404): Mensaje enviado
[INFO] 15:10:08:100 Instancia/(9404:9404): Mensaje de 4 bytes recibido
[INFO] 15:10:08:101 Instancia/(9404:9404): Se ha conectado al coordinador correctamente!!
[INFO] 15:11:40:859 Instancia/(9530:9530): Conectandose al Coordinador, IP: 127.0.0.1	Puerto: 8080
[INFO] 15:11:40:864 Instancia/(9530:9530): Socket conectado
[INFO] 15:11:40:864 Instancia/(9530:9530): Mensaje enviado
[INFO] 15:12:26:212 Instancia/(9530:9530): Mensaje de 4 bytes recibido
[INFO] 15:12:26:213 Instancia/(9530:9530): Se ha conectado al coordinador correctamente!!
[INFO] 15:12:54:622 Instancia/(9564:9564): Conectandose al Coordinador, IP: 127.0.0.1	Puerto: 8080
[INFO] 15:12:54:631 Instancia/(9564:9564): Socket conectado
[INFO] 15:12:54:631 Instancia/(9564:9564): Mensaje enviado
[INFO] 15:13:07:884 Instancia/(9564:9564): Mensaje de 4 bytes recibido
[INFO] 15:13:07:884 Instancia/(9564:9564): Se ha conectado al coordinador correctamente!!
[INFO] 15:18:23:759 Instancia/(9838:9838): Conectandose al Coordinador, IP: 127.0.0.1	Puerto: 8080
[INFO] 15:18:23:764 Instancia/(9838:9838): Socket conectado
[INFO] 15:18:23:764 Instancia/(9838:9838): Mensaje enviado
[INFO] 15:19:05:412 Instancia/(9838:9838): Mensaje de 4 bytes recibido
[INFO] 15:19:05:412 Instancia/(9838:9838): Se ha conectado al coordinador correctamente!!
[INFO] 15:19:20:491 Instancia/(9863:9863): Conectandose al Coordinador, IP: 127.0.0.1	Puerto: 8080
[INFO] 15:19:20:491 Instancia/(9863:9863): Socket conectado
[INFO] 15:19:20:491 Instancia/(9863:9863): Mensaje enviado
[INFO] 15:20:04:285 Instancia/(9863:9863): Mensaje de 4 bytes recibido
[INFO] 15:20:04:285 Instancia/(9863:9863): Se ha conectado al coordinador correctamente!!
[INFO] 15:20:20:807 Instancia/(9899:9899): Conectandose al Coordinador, IP: 127.0.0.1	Puerto: 8080
[INFO] 15:20:20:829 Instancia/(9899:9899): Socket conectado
[INFO] 15:20:20:829 Instancia/(9899:9899): Mensaje enviado
[INFO] 15:20:26:716 Instancia/(9899:9899): Mensaje de 4 bytes recibido
[INFO] 15:20:26:716 Instancia/(9899:9899): Se ha conectado al coordinador correctamente!!
[INFO] 15:22:20:312 Instancia/(10020:10020): Conectandose al Coordinador, IP: 127.0.0.1	Puerto: 8080
[INFO] 15:22:20:333 Instancia/(10020:10020): Socket conectado
[INFO] 15:22:20:333 Instancia/(10020:10020): Mensaje enviado
[INFO] 15:22:38:802 Instancia/(10020:10020): Mensaje de 4 bytes recibido
[INFO] 15:22:38:802 Instancia/(10020:10020): Se ha conectado al coordinador correctamente!!
[INFO] 15:22:45:566 Instancia/(10047:10047): Conectandose al Coordinador, IP: 127.0.0.1	Puerto: 8080
[INFO] 15:22:45:569 Instancia/(10047:10047): Socket conectado
[INFO] 15:22:45:570 Instancia/(10047:10047): Mensaje enviado
[INFO] 15:23:03:641 Instancia/(10047:10047): Mensaje de 4 bytes recibido
[INFO] 15:23:03:641 Instancia/(10047:10047): Se ha conectado al coordinador correctamente!!
[INFO] 15:23:06:245 Instancia/(10060:10060): Conectandose al Coordinador, IP: 127.0.0.1	Puerto: 8080
[INFO] 15:23:06:248 Instancia/(10060:10060): Socket conectado
[INFO] 15:23:06:248 Instancia/(10060:10060): Mensaje enviado
[INFO] 15:23:49:373 Instancia/(10060:10060): Mensaje de 4 bytes recibido
[INFO] 15:23:49:374 Instancia/(10060:10060): Se ha conectado al coordinador correctamente!!
